-------------------------------------------------------------------------------
Test set: TestSuite
-------------------------------------------------------------------------------
Tests run: 1, Failures: 1, Errors: 0, Skipped: 0, Time elapsed: 1.907 sec <<< FAILURE! - in TestSuite
objectLocation(org.example.Automation.selenium4.Selenium4Features)  Time elapsed: 0.041 sec  <<< FAILURE!
java.lang.NullPointerException: Cannot invoke "org.openqa.selenium.WebDriver.findElement(org.openqa.selenium.By)" because "this.driver" is null
	at org.example.Automation.selenium4.Selenium4Features.objectLocation(Selenium4Features.java:60)

